#
# A fatal error has been detected by the Java Runtime Environment:
#
#  EXCEPTION_ACCESS_VIOLATION (0xc0000005) at pc=0x00007ff87ddcb0af, pid=28152, tid=26988
#
# JRE version: Java(TM) SE Runtime Environment 18.9 (11.0.25+9) (build 11.0.25+9-LTS-256)
# Java VM: Java HotSpot(TM) 64-Bit Server VM 18.9 (11.0.25+9-LTS-256, mixed mode, tiered, compressed oops, g1 gc, windows-amd64)
# Problematic frame:
# V  [jvm.dll+0x64b0af]
#
# No core dump will be written. Minidumps are not enabled by default on client versions of Windows
#
# If you would like to submit a bug report, please visit:
#   https://bugreport.java.com/bugreport/crash.jsp
#

---------------  S U M M A R Y ------------

Command Line: -Dcom.sun.management.jmxremote.authenticate=false -Dcom.sun.management.jmxremote.port=9999 -Dcom.sun.management.jmxremote.ssl=false -Djava.security.egd=file:/dev/./urandom -javaagent:C:\Users\15874\ENSF400\ENSF400-FinalProject\build\tmp\expandedArchives\org.jacoco.agent-0.8.7.jar_3a83c50b4a016f281c4e9f3500d16b55\jacocoagent.jar=output=tcpserver,address=localhost,port=6300 -Dcom.sun.management.jmxremote -Dfile.encoding=UTF-8 -Duser.country=CA -Duser.language=en -Duser.variant org.akhikhl.gretty.Runner --statusPort=59150 --serverManagerFactory=org.akhikhl.gretty.ServerManagerFactory

Host: 11th Gen Intel(R) Core(TM) i7-1165G7 @ 2.80GHz, 8 cores, 15G,  Windows 10 , 64 bit Build 19041 (10.0.19041.5438)
Time: Sat Mar 15 18:17:35 2025 Mountain Daylight Time elapsed time: 1.378960 seconds (0d 0h 0m 1s)

---------------  T H R E A D  ---------------

Current thread (0x0000029d474f1800):  JavaThread "main" [_thread_in_vm, id=26988, stack(0x000000d2f6a00000,0x000000d2f6b00000)]

Stack: [0x000000d2f6a00000,0x000000d2f6b00000],  sp=0x000000d2f6aff138,  free space=1020k
Native frames: (J=compiled Java code, j=interpreted, Vv=VM code, C=native code)
V  [jvm.dll+0x64b0af]


siginfo: EXCEPTION_ACCESS_VIOLATION (0xc0000005), reading address 0xffffffffffffffff


Register to memory mapping:

RIP=0x00007ff87ddcb0af jvm.dll
RAX=0x0072006f006d002f is an unknown value
RBX=0x000000d2f6aff1d0 is pointing into the stack for thread: 0x0000029d474f1800
RCX=0x000000d2f6aff160 is pointing into the stack for thread: 0x0000029d474f1800
RDX=0x0072006f006d0020 is an unknown value
RSP=0x000000d2f6aff138 is pointing into the stack for thread: 0x0000029d474f1800
RBP=0x0000029d474f2460 points into unknown readable memory: 0x0072006f006d0020 | 20 00 6d 00 6f 00 72 00
RSI=0x0 is NULL
RDI=0x0 is NULL
R8 =0x00007ff87ddd7f30 jvm.dll
R9 =0x0000000000000003 is an unknown value
R10=0x0000029d45369ab0 points into unknown readable memory: 0x0000029d474fe9c0 | c0 e9 4f 47 9d 02 00 00
R11=0x000000d2f6aff160 is pointing into the stack for thread: 0x0000029d474f1800
R12=0x0000029d6ab4fa60 points into unknown readable memory: 0x0000029d6a904670 | 70 46 90 6a 9d 02 00 00
R13=0x0000000000000010 is an unknown value
R14=0x0000029d474f2838 points into unknown readable memory: 0x100452fe0ed0ff1c | 1c ff d0 0e fe 52 04 10
R15=0x00000000000003d8 is an unknown value


Registers:
RAX=0x0072006f006d002f, RBX=0x000000d2f6aff1d0, RCX=0x000000d2f6aff160, RDX=0x0072006f006d0020
RSP=0x000000d2f6aff138, RBP=0x0000029d474f2460, RSI=0x0000000000000000, RDI=0x0000000000000000
R8 =0x00007ff87ddd7f30, R9 =0x0000000000000003, R10=0x0000029d45369ab0, R11=0x000000d2f6aff160
R12=0x0000029d6ab4fa60, R13=0x0000000000000010, R14=0x0000029d474f2838, R15=0x00000000000003d8
RIP=0x00007ff87ddcb0af, EFLAGS=0x0000000000010203

Top of Stack: (sp=0x000000d2f6aff138)
0x000000d2f6aff138:   00007ff87ddd8007 000000d2f6aff1d0
0x000000d2f6aff148:   0000029d474f2460 0000000000000000
0x000000d2f6aff158:   0000029d474f1800 000000d2f6aff140
0x000000d2f6aff168:   00007ff87ddd7f30 0000000000000000
0x000000d2f6aff178:   0000029d00000000 0072006f006d0020
0x000000d2f6aff188:   000000d2f6aff140 0000029d474f2450
0x000000d2f6aff198:   00007ff87dedd031 0000029d474e8a00
0x000000d2f6aff1a8:   0000029d474f1800 0000029d474f1800
0x000000d2f6aff1b8:   0000029d6a0081d0 0000029d4536e501
0x000000d2f6aff1c8:   00007ff92259396f 0000029d474f1b48
0x000000d2f6aff1d8:   0000000000000000 0000029d6a8a6b58
0x000000d2f6aff1e8:   0000029d6a0081d0 0000029d6a0081d8
0x000000d2f6aff1f8:   0000000000000000 00001bc48978af30
0x000000d2f6aff208:   00007ff9225949a4 0000029d474f1800
0x000000d2f6aff218:   00007ff87ddda3b0 0000029d474f1b48
0x000000d2f6aff228:   0000029d4536e540 0000000000000008 

Instructions: (pc=0x00007ff87ddcb0af)
0x00007ff87ddcb08f:   cc f6 01 03 75 42 48 8b 51 20 f6 c2 07 75 39 48
0x00007ff87ddcb09f:   8d 42 10 a8 03 75 31 48 ff c8 48 83 f8 fd 77 28
0x00007ff87ddcb0af:   48 8b 0a f6 c1 07 75 20 48 8d 41 ff 48 83 f8 fd
0x00007ff87ddcb0bf:   77 16 48 3b ca 74 11 72 0f 48 2b ca 48 81 f9 00 


Stack slot to memory mapping:
stack at sp + 0 slots: 0x00007ff87ddd8007 jvm.dll
stack at sp + 1 slots: 0x000000d2f6aff1d0 is pointing into the stack for thread: 0x0000029d474f1800
stack at sp + 2 slots: 0x0000029d474f2460 points into unknown readable memory: 0x0072006f006d0020 | 20 00 6d 00 6f 00 72 00
stack at sp + 3 slots: 0x0 is NULL
stack at sp + 4 slots: 0x0000029d474f1800 is a thread
stack at sp + 5 slots: 0x000000d2f6aff140 is pointing into the stack for thread: 0x0000029d474f1800
stack at sp + 6 slots: 0x00007ff87ddd7f30 jvm.dll
stack at sp + 7 slots: 0x0 is NULL


---------------  P R O C E S S  ---------------

Threads class SMR info:
_java_thread_list=0x0000029d6a9799f0, length=10, elements={
0x0000029d474f1800, 0x0000029d6a00c000, 0x0000029d6a00d800, 0x0000029d6a8f0800,
0x0000029d6a8f3800, 0x0000029d6a8f5000, 0x0000029d6a8f9000, 0x0000029d6a8fc000,
0x0000029d6a920000, 0x0000029d69fa4000
}

Java Threads: ( => current thread )
=>0x0000029d474f1800 JavaThread "main" [_thread_in_vm, id=26988, stack(0x000000d2f6a00000,0x000000d2f6b00000)]
  0x0000029d6a00c000 JavaThread "Reference Handler" daemon [_thread_blocked, id=24808, stack(0x000000d2f7100000,0x000000d2f7200000)]
  0x0000029d6a00d800 JavaThread "Finalizer" daemon [_thread_blocked, id=2468, stack(0x000000d2f7200000,0x000000d2f7300000)]
  0x0000029d6a8f0800 JavaThread "Signal Dispatcher" daemon [_thread_blocked, id=10528, stack(0x000000d2f7300000,0x000000d2f7400000)]
  0x0000029d6a8f3800 JavaThread "Attach Listener" daemon [_thread_blocked, id=22352, stack(0x000000d2f7400000,0x000000d2f7500000)]
  0x0000029d6a8f5000 JavaThread "Service Thread" daemon [_thread_blocked, id=25208, stack(0x000000d2f7500000,0x000000d2f7600000)]
  0x0000029d6a8f9000 JavaThread "C2 CompilerThread0" daemon [_thread_blocked, id=29604, stack(0x000000d2f7600000,0x000000d2f7700000)]
  0x0000029d6a8fc000 JavaThread "C1 CompilerThread0" daemon [_thread_blocked, id=15688, stack(0x000000d2f7700000,0x000000d2f7800000)]
  0x0000029d6a920000 JavaThread "Sweeper thread" daemon [_thread_blocked, id=20916, stack(0x000000d2f7800000,0x000000d2f7900000)]
  0x0000029d69fa4000 JavaThread "Common-Cleaner" daemon [_thread_blocked, id=21856, stack(0x000000d2f7900000,0x000000d2f7a00000)]

Other Threads:
  0x0000029d6a007000 VMThread "VM Thread" [stack: 0x000000d2f7000000,0x000000d2f7100000] [id=20064]
  0x0000029d47507000 GCTaskThread "GC Thread#0" [stack: 0x000000d2f6b00000,0x000000d2f6c00000] [id=24924]
  0x0000029d47563000 ConcurrentGCThread "G1 Main Marker" [stack: 0x000000d2f6c00000,0x000000d2f6d00000] [id=27236]
  0x0000029d47564000 ConcurrentGCThread "G1 Conc#0" [stack: 0x000000d2f6d00000,0x000000d2f6e00000] [id=28836]
  0x0000029d69ed3000 ConcurrentGCThread "G1 Refine#0" [stack: 0x000000d2f6e00000,0x000000d2f6f00000] [id=10328]
  0x0000029d69ed4000 ConcurrentGCThread "G1 Young RemSet Sampling" [stack: 0x000000d2f6f00000,0x000000d2f7000000] [id=7100]

Threads with active compile tasks:

VM state:not at safepoint (normal execution)

VM Mutex/Monitor currently owned by a thread: None

Heap address: 0x0000000704c00000, size: 4020 MB, Compressed Oops mode: Zero based, Oop shift amount: 3
Narrow klass base: 0x0000000800000000, Narrow klass shift: 0
Compressed class space size: 1073741824 Address: 0x0000000800000000

Heap:
 garbage-first heap   total 258048K, used 4096K [0x0000000704c00000, 0x0000000800000000)
  region size 1024K, 6 young (6144K), 0 survivors (0K)
 Metaspace       used 6708K, capacity 6850K, committed 7168K, reserved 1056768K
  class space    used 592K, capacity 643K, committed 768K, reserved 1048576K
Heap Regions: E=young(eden), S=young(survivor), O=old, HS=humongous(starts), HC=humongous(continues), CS=collection set, F=free, A=archive, TAMS=top-at-mark-start (previous, next)
|   0|0x0000000704c00000, 0x0000000704c00000, 0x0000000704d00000|  0%| F|  |TAMS 0x0000000704c00000, 0x0000000704c00000| Untracked 
|   1|0x0000000704d00000, 0x0000000704d00000, 0x0000000704e00000|  0%| F|  |TAMS 0x0000000704d00000, 0x0000000704d00000| Untracked 
|   2|0x0000000704e00000, 0x0000000704e00000, 0x0000000704f00000|  0%| F|  |TAMS 0x0000000704e00000, 0x0000000704e00000| Untracked 
|   3|0x0000000704f00000, 0x0000000704f00000, 0x0000000705000000|  0%| F|  |TAMS 0x0000000704f00000, 0x0000000704f00000| Untracked 
|   4|0x0000000705000000, 0x0000000705000000, 0x0000000705100000|  0%| F|  |TAMS 0x0000000705000000, 0x0000000705000000| Untracked 
|   5|0x0000000705100000, 0x0000000705100000, 0x0000000705200000|  0%| F|  |TAMS 0x0000000705100000, 0x0000000705100000| Untracked 
|   6|0x0000000705200000, 0x0000000705200000, 0x0000000705300000|  0%| F|  |TAMS 0x0000000705200000, 0x0000000705200000| Untracked 
|   7|0x0000000705300000, 0x0000000705300000, 0x0000000705400000|  0%| F|  |TAMS 0x0000000705300000, 0x0000000705300000| Untracked 
|   8|0x0000000705400000, 0x0000000705400000, 0x0000000705500000|  0%| F|  |TAMS 0x0000000705400000, 0x0000000705400000| Untracked 
|   9|0x0000000705500000, 0x0000000705500000, 0x0000000705600000|  0%| F|  |TAMS 0x0000000705500000, 0x0000000705500000| Untracked 
|  10|0x0000000705600000, 0x0000000705600000, 0x0000000705700000|  0%| F|  |TAMS 0x0000000705600000, 0x0000000705600000| Untracked 
|  11|0x0000000705700000, 0x0000000705700000, 0x0000000705800000|  0%| F|  |TAMS 0x0000000705700000, 0x0000000705700000| Untracked 
|  12|0x0000000705800000, 0x0000000705800000, 0x0000000705900000|  0%| F|  |TAMS 0x0000000705800000, 0x0000000705800000| Untracked 
|  13|0x0000000705900000, 0x0000000705900000, 0x0000000705a00000|  0%| F|  |TAMS 0x0000000705900000, 0x0000000705900000| Untracked 
|  14|0x0000000705a00000, 0x0000000705a00000, 0x0000000705b00000|  0%| F|  |TAMS 0x0000000705a00000, 0x0000000705a00000| Untracked 
|  15|0x0000000705b00000, 0x0000000705b00000, 0x0000000705c00000|  0%| F|  |TAMS 0x0000000705b00000, 0x0000000705b00000| Untracked 
|  16|0x0000000705c00000, 0x0000000705c00000, 0x0000000705d00000|  0%| F|  |TAMS 0x0000000705c00000, 0x0000000705c00000| Untracked 
|  17|0x0000000705d00000, 0x0000000705d00000, 0x0000000705e00000|  0%| F|  |TAMS 0x0000000705d00000, 0x0000000705d00000| Untracked 
|  18|0x0000000705e00000, 0x0000000705e00000, 0x0000000705f00000|  0%| F|  |TAMS 0x0000000705e00000, 0x0000000705e00000| Untracked 
|  19|0x0000000705f00000, 0x0000000705f00000, 0x0000000706000000|  0%| F|  |TAMS 0x0000000705f00000, 0x0000000705f00000| Untracked 
|  20|0x0000000706000000, 0x0000000706000000, 0x0000000706100000|  0%| F|  |TAMS 0x0000000706000000, 0x0000000706000000| Untracked 
|  21|0x0000000706100000, 0x0000000706100000, 0x0000000706200000|  0%| F|  |TAMS 0x0000000706100000, 0x0000000706100000| Untracked 
|  22|0x0000000706200000, 0x0000000706200000, 0x0000000706300000|  0%| F|  |TAMS 0x0000000706200000, 0x0000000706200000| Untracked 
|  23|0x0000000706300000, 0x0000000706300000, 0x0000000706400000|  0%| F|  |TAMS 0x0000000706300000, 0x0000000706300000| Untracked 
|  24|0x0000000706400000, 0x0000000706400000, 0x0000000706500000|  0%| F|  |TAMS 0x0000000706400000, 0x0000000706400000| Untracked 
|  25|0x0000000706500000, 0x0000000706500000, 0x0000000706600000|  0%| F|  |TAMS 0x0000000706500000, 0x0000000706500000| Untracked 
|  26|0x0000000706600000, 0x0000000706600000, 0x0000000706700000|  0%| F|  |TAMS 0x0000000706600000, 0x0000000706600000| Untracked 
|  27|0x0000000706700000, 0x0000000706700000, 0x0000000706800000|  0%| F|  |TAMS 0x0000000706700000, 0x0000000706700000| Untracked 
|  28|0x0000000706800000, 0x0000000706800000, 0x0000000706900000|  0%| F|  |TAMS 0x0000000706800000, 0x0000000706800000| Untracked 
|  29|0x0000000706900000, 0x0000000706900000, 0x0000000706a00000|  0%| F|  |TAMS 0x0000000706900000, 0x0000000706900000| Untracked 
|  30|0x0000000706a00000, 0x0000000706a00000, 0x0000000706b00000|  0%| F|  |TAMS 0x0000000706a00000, 0x0000000706a00000| Untracked 
|  31|0x0000000706b00000, 0x0000000706b00000, 0x0000000706c00000|  0%| F|  |TAMS 0x0000000706b00000, 0x0000000706b00000| Untracked 
|  32|0x0000000706c00000, 0x0000000706c00000, 0x0000000706d00000|  0%| F|  |TAMS 0x0000000706c00000, 0x0000000706c00000| Untracked 
|  33|0x0000000706d00000, 0x0000000706d00000, 0x0000000706e00000|  0%| F|  |TAMS 0x0000000706d00000, 0x0000000706d00000| Untracked 
|  34|0x0000000706e00000, 0x0000000706e00000, 0x0000000706f00000|  0%| F|  |TAMS 0x0000000706e00000, 0x0000000706e00000| Untracked 
|  35|0x0000000706f00000, 0x0000000706f00000, 0x0000000707000000|  0%| F|  |TAMS 0x0000000706f00000, 0x0000000706f00000| Untracked 
|  36|0x0000000707000000, 0x0000000707000000, 0x0000000707100000|  0%| F|  |TAMS 0x0000000707000000, 0x0000000707000000| Untracked 
|  37|0x0000000707100000, 0x0000000707100000, 0x0000000707200000|  0%| F|  |TAMS 0x0000000707100000, 0x0000000707100000| Untracked 
|  38|0x0000000707200000, 0x0000000707200000, 0x0000000707300000|  0%| F|  |TAMS 0x0000000707200000, 0x0000000707200000| Untracked 
|  39|0x0000000707300000, 0x0000000707300000, 0x0000000707400000|  0%| F|  |TAMS 0x0000000707300000, 0x0000000707300000| Untracked 
|  40|0x0000000707400000, 0x0000000707400000, 0x0000000707500000|  0%| F|  |TAMS 0x0000000707400000, 0x0000000707400000| Untracked 
|  41|0x0000000707500000, 0x0000000707500000, 0x0000000707600000|  0%| F|  |TAMS 0x0000000707500000, 0x0000000707500000| Untracked 
|  42|0x0000000707600000, 0x0000000707600000, 0x0000000707700000|  0%| F|  |TAMS 0x0000000707600000, 0x0000000707600000| Untracked 
|  43|0x0000000707700000, 0x0000000707700000, 0x0000000707800000|  0%| F|  |TAMS 0x0000000707700000, 0x0000000707700000| Untracked 
|  44|0x0000000707800000, 0x0000000707800000, 0x0000000707900000|  0%| F|  |TAMS 0x0000000707800000, 0x0000000707800000| Untracked 
|  45|0x0000000707900000, 0x0000000707900000, 0x0000000707a00000|  0%| F|  |TAMS 0x0000000707900000, 0x0000000707900000| Untracked 
|  46|0x0000000707a00000, 0x0000000707a00000, 0x0000000707b00000|  0%| F|  |TAMS 0x0000000707a00000, 0x0000000707a00000| Untracked 
|  47|0x0000000707b00000, 0x0000000707b00000, 0x0000000707c00000|  0%| F|  |TAMS 0x0000000707b00000, 0x0000000707b00000| Untracked 
|  48|0x0000000707c00000, 0x0000000707c00000, 0x0000000707d00000|  0%| F|  |TAMS 0x0000000707c00000, 0x0000000707c00000| Untracked 
|  49|0x0000000707d00000, 0x0000000707d00000, 0x0000000707e00000|  0%| F|  |TAMS 0x0000000707d00000, 0x0000000707d00000| Untracked 
|  50|0x0000000707e00000, 0x0000000707e00000, 0x0000000707f00000|  0%| F|  |TAMS 0x0000000707e00000, 0x0000000707e00000| Untracked 
|  51|0x0000000707f00000, 0x0000000707f00000, 0x0000000708000000|  0%| F|  |TAMS 0x0000000707f00000, 0x0000000707f00000| Untracked 
|  52|0x0000000708000000, 0x0000000708000000, 0x0000000708100000|  0%| F|  |TAMS 0x0000000708000000, 0x0000000708000000| Untracked 
|  53|0x0000000708100000, 0x0000000708100000, 0x0000000708200000|  0%| F|  |TAMS 0x0000000708100000, 0x0000000708100000| Untracked 
|  54|0x0000000708200000, 0x0000000708200000, 0x0000000708300000|  0%| F|  |TAMS 0x0000000708200000, 0x0000000708200000| Untracked 
|  55|0x0000000708300000, 0x0000000708300000, 0x0000000708400000|  0%| F|  |TAMS 0x0000000708300000, 0x0000000708300000| Untracked 
|  56|0x0000000708400000, 0x0000000708400000, 0x0000000708500000|  0%| F|  |TAMS 0x0000000708400000, 0x0000000708400000| Untracked 
|  57|0x0000000708500000, 0x0000000708500000, 0x0000000708600000|  0%| F|  |TAMS 0x0000000708500000, 0x0000000708500000| Untracked 
|  58|0x0000000708600000, 0x0000000708600000, 0x0000000708700000|  0%| F|  |TAMS 0x0000000708600000, 0x0000000708600000| Untracked 
|  59|0x0000000708700000, 0x0000000708700000, 0x0000000708800000|  0%| F|  |TAMS 0x0000000708700000, 0x0000000708700000| Untracked 
|  60|0x0000000708800000, 0x0000000708800000, 0x0000000708900000|  0%| F|  |TAMS 0x0000000708800000, 0x0000000708800000| Untracked 
|  61|0x0000000708900000, 0x0000000708900000, 0x0000000708a00000|  0%| F|  |TAMS 0x0000000708900000, 0x0000000708900000| Untracked 
|  62|0x0000000708a00000, 0x0000000708a00000, 0x0000000708b00000|  0%| F|  |TAMS 0x0000000708a00000, 0x0000000708a00000| Untracked 
|  63|0x0000000708b00000, 0x0000000708b00000, 0x0000000708c00000|  0%| F|  |TAMS 0x0000000708b00000, 0x0000000708b00000| Untracked 
|  64|0x0000000708c00000, 0x0000000708c00000, 0x0000000708d00000|  0%| F|  |TAMS 0x0000000708c00000, 0x0000000708c00000| Untracked 
|  65|0x0000000708d00000, 0x0000000708d00000, 0x0000000708e00000|  0%| F|  |TAMS 0x0000000708d00000, 0x0000000708d00000| Untracked 
|  66|0x0000000708e00000, 0x0000000708e00000, 0x0000000708f00000|  0%| F|  |TAMS 0x0000000708e00000, 0x0000000708e00000| Untracked 
|  67|0x0000000708f00000, 0x0000000708f00000, 0x0000000709000000|  0%| F|  |TAMS 0x0000000708f00000, 0x0000000708f00000| Untracked 
|  68|0x0000000709000000, 0x0000000709000000, 0x0000000709100000|  0%| F|  |TAMS 0x0000000709000000, 0x0000000709000000| Untracked 
|  69|0x0000000709100000, 0x0000000709100000, 0x0000000709200000|  0%| F|  |TAMS 0x0000000709100000, 0x0000000709100000| Untracked 
|  70|0x0000000709200000, 0x0000000709200000, 0x0000000709300000|  0%| F|  |TAMS 0x0000000709200000, 0x0000000709200000| Untracked 
|  71|0x0000000709300000, 0x0000000709300000, 0x0000000709400000|  0%| F|  |TAMS 0x0000000709300000, 0x0000000709300000| Untracked 
|  72|0x0000000709400000, 0x0000000709400000, 0x0000000709500000|  0%| F|  |TAMS 0x0000000709400000, 0x0000000709400000| Untracked 
|  73|0x0000000709500000, 0x0000000709500000, 0x0000000709600000|  0%| F|  |TAMS 0x0000000709500000, 0x0000000709500000| Untracked 
|  74|0x0000000709600000, 0x0000000709600000, 0x0000000709700000|  0%| F|  |TAMS 0x0000000709600000, 0x0000000709600000| Untracked 
|  75|0x0000000709700000, 0x0000000709700000, 0x0000000709800000|  0%| F|  |TAMS 0x0000000709700000, 0x0000000709700000| Untracked 
|  76|0x0000000709800000, 0x0000000709800000, 0x0000000709900000|  0%| F|  |TAMS 0x0000000709800000, 0x0000000709800000| Untracked 
|  77|0x0000000709900000, 0x0000000709900000, 0x0000000709a00000|  0%| F|  |TAMS 0x0000000709900000, 0x0000000709900000| Untracked 
|  78|0x0000000709a00000, 0x0000000709a00000, 0x0000000709b00000|  0%| F|  |TAMS 0x0000000709a00000, 0x0000000709a00000| Untracked 
|  79|0x0000000709b00000, 0x0000000709b00000, 0x0000000709c00000|  0%| F|  |TAMS 0x0000000709b00000, 0x0000000709b00000| Untracked 
|  80|0x0000000709c00000, 0x0000000709c00000, 0x0000000709d00000|  0%| F|  |TAMS 0x0000000709c00000, 0x0000000709c00000| Untracked 
|  81|0x0000000709d00000, 0x0000000709d00000, 0x0000000709e00000|  0%| F|  |TAMS 0x0000000709d00000, 0x0000000709d00000| Untracked 
|  82|0x0000000709e00000, 0x0000000709e00000, 0x0000000709f00000|  0%| F|  |TAMS 0x0000000709e00000, 0x0000000709e00000| Untracked 
|  83|0x0000000709f00000, 0x0000000709f00000, 0x000000070a000000|  0%| F|  |TAMS 0x0000000709f00000, 0x0000000709f00000| Untracked 
|  84|0x000000070a000000, 0x000000070a000000, 0x000000070a100000|  0%| F|  |TAMS 0x000000070a000000, 0x000000070a000000| Untracked 
|  85|0x000000070a100000, 0x000000070a100000, 0x000000070a200000|  0%| F|  |TAMS 0x000000070a100000, 0x000000070a100000| Untracked 
|  86|0x000000070a200000, 0x000000070a200000, 0x000000070a300000|  0%| F|  |TAMS 0x000000070a200000, 0x000000070a200000| Untracked 
|  87|0x000000070a300000, 0x000000070a300000, 0x000000070a400000|  0%| F|  |TAMS 0x000000070a300000, 0x000000070a300000| Untracked 
|  88|0x000000070a400000, 0x000000070a400000, 0x000000070a500000|  0%| F|  |TAMS 0x000000070a400000, 0x000000070a400000| Untracked 
|  89|0x000000070a500000, 0x000000070a500000, 0x000000070a600000|  0%| F|  |TAMS 0x000000070a500000, 0x000000070a500000| Untracked 
|  90|0x000000070a600000, 0x000000070a600000, 0x000000070a700000|  0%| F|  |TAMS 0x000000070a600000, 0x000000070a600000| Untracked 
|  91|0x000000070a700000, 0x000000070a700000, 0x000000070a800000|  0%| F|  |TAMS 0x000000070a700000, 0x000000070a700000| Untracked 
|  92|0x000000070a800000, 0x000000070a800000, 0x000000070a900000|  0%| F|  |TAMS 0x000000070a800000, 0x000000070a800000| Untracked 
|  93|0x000000070a900000, 0x000000070a900000, 0x000000070aa00000|  0%| F|  |TAMS 0x000000070a900000, 0x000000070a900000| Untracked 
|  94|0x000000070aa00000, 0x000000070aa00000, 0x000000070ab00000|  0%| F|  |TAMS 0x000000070aa00000, 0x000000070aa00000| Untracked 
|  95|0x000000070ab00000, 0x000000070ab00000, 0x000000070ac00000|  0%| F|  |TAMS 0x000000070ab00000, 0x000000070ab00000| Untracked 
|  96|0x000000070ac00000, 0x000000070ac00000, 0x000000070ad00000|  0%| F|  |TAMS 0x000000070ac00000, 0x000000070ac00000| Untracked 
|  97|0x000000070ad00000, 0x000000070ad00000, 0x000000070ae00000|  0%| F|  |TAMS 0x000000070ad00000, 0x000000070ad00000| Untracked 
|  98|0x000000070ae00000, 0x000000070ae00000, 0x000000070af00000|  0%| F|  |TAMS 0x000000070ae00000, 0x000000070ae00000| Untracked 
|  99|0x000000070af00000, 0x000000070af00000, 0x000000070b000000|  0%| F|  |TAMS 0x000000070af00000, 0x000000070af00000| Untracked 
| 100|0x000000070b000000, 0x000000070b000000, 0x000000070b100000|  0%| F|  |TAMS 0x000000070b000000, 0x000000070b000000| Untracked 
| 101|0x000000070b100000, 0x000000070b100000, 0x000000070b200000|  0%| F|  |TAMS 0x000000070b100000, 0x000000070b100000| Untracked 
| 102|0x000000070b200000, 0x000000070b200000, 0x000000070b300000|  0%| F|  |TAMS 0x000000070b200000, 0x000000070b200000| Untracked 
| 103|0x000000070b300000, 0x000000070b300000, 0x000000070b400000|  0%| F|  |TAMS 0x000000070b300000, 0x000000070b300000| Untracked 
| 104|0x000000070b400000, 0x000000070b400000, 0x000000070b500000|  0%| F|  |TAMS 0x000000070b400000, 0x000000070b400000| Untracked 
| 105|0x000000070b500000, 0x000000070b500000, 0x000000070b600000|  0%| F|  |TAMS 0x000000070b500000, 0x000000070b500000| Untracked 
| 106|0x000000070b600000, 0x000000070b600000, 0x000000070b700000|  0%| F|  |TAMS 0x000000070b600000, 0x000000070b600000| Untracked 
| 107|0x000000070b700000, 0x000000070b700000, 0x000000070b800000|  0%| F|  |TAMS 0x000000070b700000, 0x000000070b700000| Untracked 
| 108|0x000000070b800000, 0x000000070b800000, 0x000000070b900000|  0%| F|  |TAMS 0x000000070b800000, 0x000000070b800000| Untracked 
| 109|0x000000070b900000, 0x000000070b900000, 0x000000070ba00000|  0%| F|  |TAMS 0x000000070b900000, 0x000000070b900000| Untracked 
| 110|0x000000070ba00000, 0x000000070ba00000, 0x000000070bb00000|  0%| F|  |TAMS 0x000000070ba00000, 0x000000070ba00000| Untracked 
| 111|0x000000070bb00000, 0x000000070bb00000, 0x000000070bc00000|  0%| F|  |TAMS 0x000000070bb00000, 0x000000070bb00000| Untracked 
| 112|0x000000070bc00000, 0x000000070bc00000, 0x000000070bd00000|  0%| F|  |TAMS 0x000000070bc00000, 0x000000070bc00000| Untracked 
| 113|0x000000070bd00000, 0x000000070bd00000, 0x000000070be00000|  0%| F|  |TAMS 0x000000070bd00000, 0x000000070bd00000| Untracked 
| 114|0x000000070be00000, 0x000000070be00000, 0x000000070bf00000|  0%| F|  |TAMS 0x000000070be00000, 0x000000070be00000| Untracked 
| 115|0x000000070bf00000, 0x000000070bf00000, 0x000000070c000000|  0%| F|  |TAMS 0x000000070bf00000, 0x000000070bf00000| Untracked 
| 116|0x000000070c000000, 0x000000070c000000, 0x000000070c100000|  0%| F|  |TAMS 0x000000070c000000, 0x000000070c000000| Untracked 
| 117|0x000000070c100000, 0x000000070c100000, 0x000000070c200000|  0%| F|  |TAMS 0x000000070c100000, 0x000000070c100000| Untracked 
| 118|0x000000070c200000, 0x000000070c200000, 0x000000070c300000|  0%| F|  |TAMS 0x000000070c200000, 0x000000070c200000| Untracked 
| 119|0x000000070c300000, 0x000000070c300000, 0x000000070c400000|  0%| F|  |TAMS 0x000000070c300000, 0x000000070c300000| Untracked 
| 120|0x000000070c400000, 0x000000070c400000, 0x000000070c500000|  0%| F|  |TAMS 0x000000070c400000, 0x000000070c400000| Untracked 
| 121|0x000000070c500000, 0x000000070c500000, 0x000000070c600000|  0%| F|  |TAMS 0x000000070c500000, 0x000000070c500000| Untracked 
| 122|0x000000070c600000, 0x000000070c600000, 0x000000070c700000|  0%| F|  |TAMS 0x000000070c600000, 0x000000070c600000| Untracked 
| 123|0x000000070c700000, 0x000000070c700000, 0x000000070c800000|  0%| F|  |TAMS 0x000000070c700000, 0x000000070c700000| Untracked 
| 124|0x000000070c800000, 0x000000070c800000, 0x000000070c900000|  0%| F|  |TAMS 0x000000070c800000, 0x000000070c800000| Untracked 
| 125|0x000000070c900000, 0x000000070c900000, 0x000000070ca00000|  0%| F|  |TAMS 0x000000070c900000, 0x000000070c900000| Untracked 
| 126|0x000000070ca00000, 0x000000070ca00000, 0x000000070cb00000|  0%| F|  |TAMS 0x000000070ca00000, 0x000000070ca00000| Untracked 
| 127|0x000000070cb00000, 0x000000070cb00000, 0x000000070cc00000|  0%| F|  |TAMS 0x000000070cb00000, 0x000000070cb00000| Untracked 
| 128|0x000000070cc00000, 0x000000070cc00000, 0x000000070cd00000|  0%| F|  |TAMS 0x000000070cc00000, 0x000000070cc00000| Untracked 
| 129|0x000000070cd00000, 0x000000070cd00000, 0x000000070ce00000|  0%| F|  |TAMS 0x000000070cd00000, 0x000000070cd00000| Untracked 
| 130|0x000000070ce00000, 0x000000070ce00000, 0x000000070cf00000|  0%| F|  |TAMS 0x000000070ce00000, 0x000000070ce00000| Untracked 
| 131|0x000000070cf00000, 0x000000070cf00000, 0x000000070d000000|  0%| F|  |TAMS 0x000000070cf00000, 0x000000070cf00000| Untracked 
| 132|0x000000070d000000, 0x000000070d000000, 0x000000070d100000|  0%| F|  |TAMS 0x000000070d000000, 0x000000070d000000| Untracked 
| 133|0x000000070d100000, 0x000000070d100000, 0x000000070d200000|  0%| F|  |TAMS 0x000000070d100000, 0x000000070d100000| Untracked 
| 134|0x000000070d200000, 0x000000070d200000, 0x000000070d300000|  0%| F|  |TAMS 0x000000070d200000, 0x000000070d200000| Untracked 
| 135|0x000000070d300000, 0x000000070d300000, 0x000000070d400000|  0%| F|  |TAMS 0x000000070d300000, 0x000000070d300000| Untracked 
| 136|0x000000070d400000, 0x000000070d400000, 0x000000070d500000|  0%| F|  |TAMS 0x000000070d400000, 0x000000070d400000| Untracked 
| 137|0x000000070d500000, 0x000000070d500000, 0x000000070d600000|  0%| F|  |TAMS 0x000000070d500000, 0x000000070d500000| Untracked 
| 138|0x000000070d600000, 0x000000070d600000, 0x000000070d700000|  0%| F|  |TAMS 0x000000070d600000, 0x000000070d600000| Untracked 
| 139|0x000000070d700000, 0x000000070d700000, 0x000000070d800000|  0%| F|  |TAMS 0x000000070d700000, 0x000000070d700000| Untracked 
| 140|0x000000070d800000, 0x000000070d800000, 0x000000070d900000|  0%| F|  |TAMS 0x000000070d800000, 0x000000070d800000| Untracked 
| 141|0x000000070d900000, 0x000000070d900000, 0x000000070da00000|  0%| F|  |TAMS 0x000000070d900000, 0x000000070d900000| Untracked 
| 142|0x000000070da00000, 0x000000070da00000, 0x000000070db00000|  0%| F|  |TAMS 0x000000070da00000, 0x000000070da00000| Untracked 
| 143|0x000000070db00000, 0x000000070db00000, 0x000000070dc00000|  0%| F|  |TAMS 0x000000070db00000, 0x000000070db00000| Untracked 
| 144|0x000000070dc00000, 0x000000070dc00000, 0x000000070dd00000|  0%| F|  |TAMS 0x000000070dc00000, 0x000000070dc00000| Untracked 
| 145|0x000000070dd00000, 0x000000070dd00000, 0x000000070de00000|  0%| F|  |TAMS 0x000000070dd00000, 0x000000070dd00000| Untracked 
| 146|0x000000070de00000, 0x000000070de00000, 0x000000070df00000|  0%| F|  |TAMS 0x000000070de00000, 0x000000070de00000| Untracked 
| 147|0x000000070df00000, 0x000000070df00000, 0x000000070e000000|  0%| F|  |TAMS 0x000000070df00000, 0x000000070df00000| Untracked 
| 148|0x000000070e000000, 0x000000070e000000, 0x000000070e100000|  0%| F|  |TAMS 0x000000070e000000, 0x000000070e000000| Untracked 
| 149|0x000000070e100000, 0x000000070e100000, 0x000000070e200000|  0%| F|  |TAMS 0x000000070e100000, 0x000000070e100000| Untracked 
| 150|0x000000070e200000, 0x000000070e200000, 0x000000070e300000|  0%| F|  |TAMS 0x000000070e200000, 0x000000070e200000| Untracked 
| 151|0x000000070e300000, 0x000000070e300000, 0x000000070e400000|  0%| F|  |TAMS 0x000000070e300000, 0x000000070e300000| Untracked 
| 152|0x000000070e400000, 0x000000070e400000, 0x000000070e500000|  0%| F|  |TAMS 0x000000070e400000, 0x000000070e400000| Untracked 
| 153|0x000000070e500000, 0x000000070e500000, 0x000000070e600000|  0%| F|  |TAMS 0x000000070e500000, 0x000000070e500000| Untracked 
| 154|0x000000070e600000, 0x000000070e600000, 0x000000070e700000|  0%| F|  |TAMS 0x000000070e600000, 0x000000070e600000| Untracked 
| 155|0x000000070e700000, 0x000000070e700000, 0x000000070e800000|  0%| F|  |TAMS 0x000000070e700000, 0x000000070e700000| Untracked 
| 156|0x000000070e800000, 0x000000070e800000, 0x000000070e900000|  0%| F|  |TAMS 0x000000070e800000, 0x000000070e800000| Untracked 
| 157|0x000000070e900000, 0x000000070e900000, 0x000000070ea00000|  0%| F|  |TAMS 0x000000070e900000, 0x000000070e900000| Untracked 
| 158|0x000000070ea00000, 0x000000070ea00000, 0x000000070eb00000|  0%| F|  |TAMS 0x000000070ea00000, 0x000000070ea00000| Untracked 
| 159|0x000000070eb00000, 0x000000070eb00000, 0x000000070ec00000|  0%| F|  |TAMS 0x000000070eb00000, 0x000000070eb00000| Untracked 
| 160|0x000000070ec00000, 0x000000070ec00000, 0x000000070ed00000|  0%| F|  |TAMS 0x000000070ec00000, 0x000000070ec00000| Untracked 
| 161|0x000000070ed00000, 0x000000070ed00000, 0x000000070ee00000|  0%| F|  |TAMS 0x000000070ed00000, 0x000000070ed00000| Untracked 
| 162|0x000000070ee00000, 0x000000070ee00000, 0x000000070ef00000|  0%| F|  |TAMS 0x000000070ee00000, 0x000000070ee00000| Untracked 
| 163|0x000000070ef00000, 0x000000070ef00000, 0x000000070f000000|  0%| F|  |TAMS 0x000000070ef00000, 0x000000070ef00000| Untracked 
| 164|0x000000070f000000, 0x000000070f000000, 0x000000070f100000|  0%| F|  |TAMS 0x000000070f000000, 0x000000070f000000| Untracked 
| 165|0x000000070f100000, 0x000000070f100000, 0x000000070f200000|  0%| F|  |TAMS 0x000000070f100000, 0x000000070f100000| Untracked 
| 166|0x000000070f200000, 0x000000070f200000, 0x000000070f300000|  0%| F|  |TAMS 0x000000070f200000, 0x000000070f200000| Untracked 
| 167|0x000000070f300000, 0x000000070f300000, 0x000000070f400000|  0%| F|  |TAMS 0x000000070f300000, 0x000000070f300000| Untracked 
| 168|0x000000070f400000, 0x000000070f400000, 0x000000070f500000|  0%| F|  |TAMS 0x000000070f400000, 0x000000070f400000| Untracked 
| 169|0x000000070f500000, 0x000000070f500000, 0x000000070f600000|  0%| F|  |TAMS 0x000000070f500000, 0x000000070f500000| Untracked 
| 170|0x000000070f600000, 0x000000070f600000, 0x000000070f700000|  0%| F|  |TAMS 0x000000070f600000, 0x000000070f600000| Untracked 
| 171|0x000000070f700000, 0x000000070f700000, 0x000000070f800000|  0%| F|  |TAMS 0x000000070f700000, 0x000000070f700000| Untracked 
| 172|0x000000070f800000, 0x000000070f800000, 0x000000070f900000|  0%| F|  |TAMS 0x000000070f800000, 0x000000070f800000| Untracked 
| 173|0x000000070f900000, 0x000000070f900000, 0x000000070fa00000|  0%| F|  |TAMS 0x000000070f900000, 0x000000070f900000| Untracked 
| 174|0x000000070fa00000, 0x000000070fa00000, 0x000000070fb00000|  0%| F|  |TAMS 0x000000070fa00000, 0x000000070fa00000| Untracked 
| 175|0x000000070fb00000, 0x000000070fb00000, 0x000000070fc00000|  0%| F|  |TAMS 0x000000070fb00000, 0x000000070fb00000| Untracked 
| 176|0x000000070fc00000, 0x000000070fc00000, 0x000000070fd00000|  0%| F|  |TAMS 0x000000070fc00000, 0x000000070fc00000| Untracked 
| 177|0x000000070fd00000, 0x000000070fd00000, 0x000000070fe00000|  0%| F|  |TAMS 0x000000070fd00000, 0x000000070fd00000| Untracked 
| 178|0x000000070fe00000, 0x000000070fe00000, 0x000000070ff00000|  0%| F|  |TAMS 0x000000070fe00000, 0x000000070fe00000| Untracked 
| 179|0x000000070ff00000, 0x000000070ff00000, 0x0000000710000000|  0%| F|  |TAMS 0x000000070ff00000, 0x000000070ff00000| Untracked 
| 180|0x0000000710000000, 0x0000000710000000, 0x0000000710100000|  0%| F|  |TAMS 0x0000000710000000, 0x0000000710000000| Untracked 
| 181|0x0000000710100000, 0x0000000710100000, 0x0000000710200000|  0%| F|  |TAMS 0x0000000710100000, 0x0000000710100000| Untracked 
| 182|0x0000000710200000, 0x0000000710200000, 0x0000000710300000|  0%| F|  |TAMS 0x0000000710200000, 0x0000000710200000| Untracked 
| 183|0x0000000710300000, 0x0000000710300000, 0x0000000710400000|  0%| F|  |TAMS 0x0000000710300000, 0x0000000710300000| Untracked 
| 184|0x0000000710400000, 0x0000000710400000, 0x0000000710500000|  0%| F|  |TAMS 0x0000000710400000, 0x0000000710400000| Untracked 
| 185|0x0000000710500000, 0x0000000710500000, 0x0000000710600000|  0%| F|  |TAMS 0x0000000710500000, 0x0000000710500000| Untracked 
| 186|0x0000000710600000, 0x0000000710600000, 0x0000000710700000|  0%| F|  |TAMS 0x0000000710600000, 0x0000000710600000| Untracked 
| 187|0x0000000710700000, 0x0000000710700000, 0x0000000710800000|  0%| F|  |TAMS 0x0000000710700000, 0x0000000710700000| Untracked 
| 188|0x0000000710800000, 0x0000000710800000, 0x0000000710900000|  0%| F|  |TAMS 0x0000000710800000, 0x0000000710800000| Untracked 
| 189|0x0000000710900000, 0x0000000710900000, 0x0000000710a00000|  0%| F|  |TAMS 0x0000000710900000, 0x0000000710900000| Untracked 
| 190|0x0000000710a00000, 0x0000000710a00000, 0x0000000710b00000|  0%| F|  |TAMS 0x0000000710a00000, 0x0000000710a00000| Untracked 
| 191|0x0000000710b00000, 0x0000000710b00000, 0x0000000710c00000|  0%| F|  |TAMS 0x0000000710b00000, 0x0000000710b00000| Untracked 
| 192|0x0000000710c00000, 0x0000000710c00000, 0x0000000710d00000|  0%| F|  |TAMS 0x0000000710c00000, 0x0000000710c00000| Untracked 
| 193|0x0000000710d00000, 0x0000000710d00000, 0x0000000710e00000|  0%| F|  |TAMS 0x0000000710d00000, 0x0000000710d00000| Untracked 
| 194|0x0000000710e00000, 0x0000000710e00000, 0x0000000710f00000|  0%| F|  |TAMS 0x0000000710e00000, 0x0000000710e00000| Untracked 
| 195|0x0000000710f00000, 0x0000000710f00000, 0x0000000711000000|  0%| F|  |TAMS 0x0000000710f00000, 0x0000000710f00000| Untracked 
| 196|0x0000000711000000, 0x0000000711000000, 0x0000000711100000|  0%| F|  |TAMS 0x0000000711000000, 0x0000000711000000| Untracked 
| 197|0x0000000711100000, 0x0000000711100000, 0x0000000711200000|  0%| F|  |TAMS 0x0000000711100000, 0x0000000711100000| Untracked 
| 198|0x0000000711200000, 0x0000000711200000, 0x0000000711300000|  0%| F|  |TAMS 0x0000000711200000, 0x0000000711200000| Untracked 
| 199|0x0000000711300000, 0x0000000711300000, 0x0000000711400000|  0%| F|  |TAMS 0x0000000711300000, 0x0000000711300000| Untracked 
| 200|0x0000000711400000, 0x0000000711400000, 0x0000000711500000|  0%| F|  |TAMS 0x0000000711400000, 0x0000000711400000| Untracked 
| 201|0x0000000711500000, 0x0000000711500000, 0x0000000711600000|  0%| F|  |TAMS 0x0000000711500000, 0x0000000711500000| Untracked 
| 202|0x0000000711600000, 0x0000000711600000, 0x0000000711700000|  0%| F|  |TAMS 0x0000000711600000, 0x0000000711600000| Untracked 
| 203|0x0000000711700000, 0x0000000711700000, 0x0000000711800000|  0%| F|  |TAMS 0x0000000711700000, 0x0000000711700000| Untracked 
| 204|0x0000000711800000, 0x0000000711800000, 0x0000000711900000|  0%| F|  |TAMS 0x0000000711800000, 0x0000000711800000| Untracked 
| 205|0x0000000711900000, 0x0000000711900000, 0x0000000711a00000|  0%| F|  |TAMS 0x0000000711900000, 0x0000000711900000| Untracked 
| 206|0x0000000711a00000, 0x0000000711a00000, 0x0000000711b00000|  0%| F|  |TAMS 0x0000000711a00000, 0x0000000711a00000| Untracked 
| 207|0x0000000711b00000, 0x0000000711b00000, 0x0000000711c00000|  0%| F|  |TAMS 0x0000000711b00000, 0x0000000711b00000| Untracked 
| 208|0x0000000711c00000, 0x0000000711c00000, 0x0000000711d00000|  0%| F|  |TAMS 0x0000000711c00000, 0x0000000711c00000| Untracked 
| 209|0x0000000711d00000, 0x0000000711d00000, 0x0000000711e00000|  0%| F|  |TAMS 0x0000000711d00000, 0x0000000711d00000| Untracked 
| 210|0x0000000711e00000, 0x0000000711e00000, 0x0000000711f00000|  0%| F|  |TAMS 0x0000000711e00000, 0x0000000711e00000| Untracked 
| 211|0x0000000711f00000, 0x0000000711f00000, 0x0000000712000000|  0%| F|  |TAMS 0x0000000711f00000, 0x0000000711f00000| Untracked 
| 212|0x0000000712000000, 0x0000000712000000, 0x0000000712100000|  0%| F|  |TAMS 0x0000000712000000, 0x0000000712000000| Untracked 
| 213|0x0000000712100000, 0x0000000712100000, 0x0000000712200000|  0%| F|  |TAMS 0x0000000712100000, 0x0000000712100000| Untracked 
| 214|0x0000000712200000, 0x0000000712200000, 0x0000000712300000|  0%| F|  |TAMS 0x0000000712200000, 0x0000000712200000| Untracked 
| 215|0x0000000712300000, 0x0000000712300000, 0x0000000712400000|  0%| F|  |TAMS 0x0000000712300000, 0x0000000712300000| Untracked 
| 216|0x0000000712400000, 0x0000000712400000, 0x0000000712500000|  0%| F|  |TAMS 0x0000000712400000, 0x0000000712400000| Untracked 
| 217|0x0000000712500000, 0x0000000712500000, 0x0000000712600000|  0%| F|  |TAMS 0x0000000712500000, 0x0000000712500000| Untracked 
| 218|0x0000000712600000, 0x0000000712600000, 0x0000000712700000|  0%| F|  |TAMS 0x0000000712600000, 0x0000000712600000| Untracked 
| 219|0x0000000712700000, 0x0000000712700000, 0x0000000712800000|  0%| F|  |TAMS 0x0000000712700000, 0x0000000712700000| Untracked 
| 220|0x0000000712800000, 0x0000000712800000, 0x0000000712900000|  0%| F|  |TAMS 0x0000000712800000, 0x0000000712800000| Untracked 
| 221|0x0000000712900000, 0x0000000712900000, 0x0000000712a00000|  0%| F|  |TAMS 0x0000000712900000, 0x0000000712900000| Untracked 
| 222|0x0000000712a00000, 0x0000000712a00000, 0x0000000712b00000|  0%| F|  |TAMS 0x0000000712a00000, 0x0000000712a00000| Untracked 
| 223|0x0000000712b00000, 0x0000000712b00000, 0x0000000712c00000|  0%| F|  |TAMS 0x0000000712b00000, 0x0000000712b00000| Untracked 
| 224|0x0000000712c00000, 0x0000000712c00000, 0x0000000712d00000|  0%| F|  |TAMS 0x0000000712c00000, 0x0000000712c00000| Untracked 
| 225|0x0000000712d00000, 0x0000000712d00000, 0x0000000712e00000|  0%| F|  |TAMS 0x0000000712d00000, 0x0000000712d00000| Untracked 
| 226|0x0000000712e00000, 0x0000000712e00000, 0x0000000712f00000|  0%| F|  |TAMS 0x0000000712e00000, 0x0000000712e00000| Untracked 
| 227|0x0000000712f00000, 0x0000000712f00000, 0x0000000713000000|  0%| F|  |TAMS 0x0000000712f00000, 0x0000000712f00000| Untracked 
| 228|0x0000000713000000, 0x0000000713000000, 0x0000000713100000|  0%| F|  |TAMS 0x0000000713000000, 0x0000000713000000| Untracked 
| 229|0x0000000713100000, 0x0000000713100000, 0x0000000713200000|  0%| F|  |TAMS 0x0000000713100000, 0x0000000713100000| Untracked 
| 230|0x0000000713200000, 0x0000000713200000, 0x0000000713300000|  0%| F|  |TAMS 0x0000000713200000, 0x0000000713200000| Untracked 
| 231|0x0000000713300000, 0x0000000713300000, 0x0000000713400000|  0%| F|  |TAMS 0x0000000713300000, 0x0000000713300000| Untracked 
| 232|0x0000000713400000, 0x0000000713400000, 0x0000000713500000|  0%| F|  |TAMS 0x0000000713400000, 0x0000000713400000| Untracked 
| 233|0x0000000713500000, 0x0000000713500000, 0x0000000713600000|  0%| F|  |TAMS 0x0000000713500000, 0x0000000713500000| Untracked 
| 234|0x0000000713600000, 0x0000000713600000, 0x0000000713700000|  0%| F|  |TAMS 0x0000000713600000, 0x0000000713600000| Untracked 
| 235|0x0000000713700000, 0x0000000713700000, 0x0000000713800000|  0%| F|  |TAMS 0x0000000713700000, 0x0000000713700000| Untracked 
| 236|0x0000000713800000, 0x0000000713800000, 0x0000000713900000|  0%| F|  |TAMS 0x0000000713800000, 0x0000000713800000| Untracked 
| 237|0x0000000713900000, 0x0000000713900000, 0x0000000713a00000|  0%| F|  |TAMS 0x0000000713900000, 0x0000000713900000| Untracked 
| 238|0x0000000713a00000, 0x0000000713a00000, 0x0000000713b00000|  0%| F|  |TAMS 0x0000000713a00000, 0x0000000713a00000| Untracked 
| 239|0x0000000713b00000, 0x0000000713b00000, 0x0000000713c00000|  0%| F|  |TAMS 0x0000000713b00000, 0x0000000713b00000| Untracked 
| 240|0x0000000713c00000, 0x0000000713c00000, 0x0000000713d00000|  0%| F|  |TAMS 0x0000000713c00000, 0x0000000713c00000| Untracked 
| 241|0x0000000713d00000, 0x0000000713d00000, 0x0000000713e00000|  0%| F|  |TAMS 0x0000000713d00000, 0x0000000713d00000| Untracked 
| 242|0x0000000713e00000, 0x0000000713e00000, 0x0000000713f00000|  0%| F|  |TAMS 0x0000000713e00000, 0x0000000713e00000| Untracked 
| 243|0x0000000713f00000, 0x0000000713f00000, 0x0000000714000000|  0%| F|  |TAMS 0x0000000713f00000, 0x0000000713f00000| Untracked 
| 244|0x0000000714000000, 0x0000000714000000, 0x0000000714100000|  0%| F|  |TAMS 0x0000000714000000, 0x0000000714000000| Untracked 
| 245|0x0000000714100000, 0x0000000714100000, 0x0000000714200000|  0%| F|  |TAMS 0x0000000714100000, 0x0000000714100000| Untracked 
| 246|0x0000000714200000, 0x000000071427b680, 0x0000000714300000| 48%| E|  |TAMS 0x0000000714200000, 0x0000000714200000| Complete 
| 247|0x0000000714300000, 0x0000000714400000, 0x0000000714400000|100%| E|CS|TAMS 0x0000000714300000, 0x0000000714300000| Complete 
| 248|0x0000000714400000, 0x0000000714500000, 0x0000000714500000|100%| E|CS|TAMS 0x0000000714400000, 0x0000000714400000| Complete 
| 249|0x0000000714500000, 0x0000000714600000, 0x0000000714600000|100%| E|  |TAMS 0x0000000714500000, 0x0000000714500000| Complete 
| 250|0x0000000714600000, 0x0000000714700000, 0x0000000714700000|100%| E|CS|TAMS 0x0000000714600000, 0x0000000714600000| Complete 
| 251|0x0000000714700000, 0x0000000714800000, 0x0000000714800000|100%| E|CS|TAMS 0x0000000714700000, 0x0000000714700000| Complete 

Card table byte_map: [0x0000029d5e700000,0x0000029d5eee0000] _byte_map_base: 0x0000029d5aeda000

Marking Bits (Prev, Next): (CMBitMap*) 0x0000029d47552478, (CMBitMap*) 0x0000029d475524b0
 Prev Bits: [0x0000029d5f6c0000, 0x0000029d63590000)
 Next Bits: [0x0000029d63590000, 0x0000029d67460000)

Polling page: 0x0000029d454d0000

Metaspace:

Usage:
  Non-class:      6.06 MB capacity,     5.97 MB ( 99%) used,    87.31 KB (  1%) free+waste,     4.50 KB ( <1%) overhead. 
      Class:    643.00 KB capacity,   592.87 KB ( 92%) used,    47.95 KB (  7%) free+waste,     2.19 KB ( <1%) overhead. 
       Both:      6.69 MB capacity,     6.55 MB ( 98%) used,   135.26 KB (  2%) free+waste,     6.69 KB ( <1%) overhead. 

Virtual space:
  Non-class space:        8.00 MB reserved,       6.25 MB ( 78%) committed 
      Class space:        1.00 GB reserved,     768.00 KB ( <1%) committed 
             Both:        1.01 GB reserved,       7.00 MB ( <1%) committed 

Chunk freelists:
   Non-Class:  128 bytes
       Class:  3.62 KB
        Both:  3.75 KB

CodeHeap 'non-profiled nmethods': size=120000Kb used=106Kb max_used=106Kb free=119893Kb
 bounds [0x0000029d566c0000, 0x0000029d56930000, 0x0000029d5dbf0000]
CodeHeap 'profiled nmethods': size=120000Kb used=467Kb max_used=467Kb free=119532Kb
 bounds [0x0000029d4f190000, 0x0000029d4f400000, 0x0000029d566c0000]
CodeHeap 'non-nmethods': size=5760Kb used=1067Kb max_used=1079Kb free=4692Kb
 bounds [0x0000029d4ebf0000, 0x0000029d4ee60000, 0x0000029d4f190000]
 total_blobs=709 nmethods=369 adapters=252
 compilation: enabled
              stopped_count=0, restarted_count=0
 full_count=0

Compilation events (10 events):
Event: 1.322 Thread 0x0000029d6a8fc000  365       3       java.util.Collections$UnmodifiableCollection$1::next (10 bytes)
Event: 1.322 Thread 0x0000029d6a8fc000 nmethod 365 0x0000029d4f203610 code [0x0000029d4f2037c0, 0x0000029d4f203988]
Event: 1.323 Thread 0x0000029d6a8fc000  366       3       java.lang.StringLatin1::inflate (34 bytes)
Event: 1.323 Thread 0x0000029d6a8fc000 nmethod 366 0x0000029d4f203a90 code [0x0000029d4f203c40, 0x0000029d4f203e38]
Event: 1.324 Thread 0x0000029d6a8fc000  367       3       java.nio.ByteBuffer::arrayOffset (35 bytes)
Event: 1.324 Thread 0x0000029d6a8fc000 nmethod 367 0x0000029d4f203f90 code [0x0000029d4f204160, 0x0000029d4f2043d8]
Event: 1.326 Thread 0x0000029d6a8fc000  368       3       java.nio.CharBuffer::arrayOffset (35 bytes)
Event: 1.327 Thread 0x0000029d6a8fc000 nmethod 368 0x0000029d4f204510 code [0x0000029d4f2046e0, 0x0000029d4f204958]
Event: 1.327 Thread 0x0000029d6a8fc000  369       3       java.nio.ByteBuffer::position (8 bytes)
Event: 1.327 Thread 0x0000029d6a8fc000 nmethod 369 0x0000029d4f204a90 code [0x0000029d4f204c40, 0x0000029d4f204d88]

GC Heap History (0 events):
No events

Deoptimization events (1 events):
Event: 1.118 Thread 0x0000029d474f1800 Uncommon trap: reason=unstable_if action=reinterpret pc=0x0000029d566ccebc method=java.util.HashMap.putVal(ILjava/lang/Object;Ljava/lang/Object;ZZ)Ljava/lang/Object; @ 181 c2

Classes redefined (0 events):
No events

Internal exceptions (2 events):
Event: 1.320 Thread 0x0000029d474f1800 Exception <a 'java/net/BindException'{0x0000000714246e58}: Address already in use: NET_Bind> (0x0000000714246e58) thrown at [./open/src/hotspot/share/prims/jni.cpp, line 632]
Event: 1.326 Thread 0x0000029d474f1800 Exception <a 'java/lang/reflect/InvocationTargetException'{0x000000071424d520}> (0x000000071424d520) thrown at [./open/src/hotspot/share/runtime/reflection.cpp, line 1244]

Events (10 events):
Event: 1.320 loading class java/lang/SecurityException
Event: 1.320 loading class java/lang/SecurityException done
Event: 1.320 loading class java/lang/Throwable$WrappedPrintStream
Event: 1.320 loading class java/lang/Throwable$PrintStreamOrWriter
Event: 1.321 loading class java/lang/Throwable$PrintStreamOrWriter done
Event: 1.321 loading class java/lang/Throwable$WrappedPrintStream done
Event: 1.321 loading class java/lang/StackTraceElement$HashedModules
Event: 1.322 loading class java/lang/StackTraceElement$HashedModules done
Event: 1.325 loading class java/lang/reflect/InvocationTargetException
Event: 1.326 loading class java/lang/reflect/InvocationTargetException done


Dynamic libraries:
0x00007ff6a4850000 - 0x00007ff6a4860000 	C:\Program Files\Java\jdk-11\bin\java.exe
0x00007ff92e530000 - 0x00007ff92e728000 	C:\Windows\SYSTEM32\ntdll.dll
0x00007ff92e420000 - 0x00007ff92e4e2000 	C:\Windows\System32\KERNEL32.DLL
0x00007ff92c190000 - 0x00007ff92c48f000 	C:\Windows\System32\KERNELBASE.dll
0x00007ff92be80000 - 0x00007ff92bf80000 	C:\Windows\System32\ucrtbase.dll
0x00007ff917790000 - 0x00007ff9177a9000 	C:\Program Files\Java\jdk-11\bin\jli.dll
0x00007ff92c8d0000 - 0x00007ff92c97f000 	C:\Windows\System32\ADVAPI32.dll
0x00007ff92da70000 - 0x00007ff92db0e000 	C:\Windows\System32\msvcrt.dll
0x00007ff92c710000 - 0x00007ff92c7af000 	C:\Windows\System32\sechost.dll
0x00007ff92c550000 - 0x00007ff92c673000 	C:\Windows\System32\RPCRT4.dll
0x00007ff92c490000 - 0x00007ff92c4b7000 	C:\Windows\System32\bcrypt.dll
0x00007ff92c980000 - 0x00007ff92cb1d000 	C:\Windows\System32\USER32.dll
0x00007ff92bd30000 - 0x00007ff92bd52000 	C:\Windows\System32\win32u.dll
0x00007ff911ea0000 - 0x00007ff91213a000 	C:\Windows\WinSxS\amd64_microsoft.windows.common-controls_6595b64144ccf1df_6.0.19041.4355_none_60b8b9eb71f62e16\COMCTL32.dll
0x00007ff92db10000 - 0x00007ff92db3b000 	C:\Windows\System32\GDI32.dll
0x00007ff92c070000 - 0x00007ff92c18a000 	C:\Windows\System32\gdi32full.dll
0x00007ff92bf80000 - 0x00007ff92c01d000 	C:\Windows\System32\msvcp_win.dll
0x00007ff921eb0000 - 0x00007ff921eba000 	C:\Windows\SYSTEM32\VERSION.dll
0x00007ff8f8680000 - 0x00007ff8f869b000 	C:\Program Files\Java\jdk-11\bin\VCRUNTIME140.dll
0x00007ff92e120000 - 0x00007ff92e14f000 	C:\Windows\System32\IMM32.DLL
0x00007ff921850000 - 0x00007ff92185c000 	C:\Program Files\Java\jdk-11\bin\vcruntime140_1.dll
0x00007ff8edf70000 - 0x00007ff8edffe000 	C:\Program Files\Java\jdk-11\bin\msvcp140.dll
0x00007ff87d780000 - 0x00007ff87e2e3000 	C:\Program Files\Java\jdk-11\bin\server\jvm.dll
0x00007ff92d400000 - 0x00007ff92d408000 	C:\Windows\System32\PSAPI.DLL
0x00007ff8f7de0000 - 0x00007ff8f7de9000 	C:\Windows\SYSTEM32\WSOCK32.dll
0x00007ff92da00000 - 0x00007ff92da6b000 	C:\Windows\System32\WS2_32.dll
0x00007ff91bbe0000 - 0x00007ff91bc07000 	C:\Windows\SYSTEM32\WINMM.dll
0x00007ff92a3c0000 - 0x00007ff92a3d2000 	C:\Windows\SYSTEM32\kernel.appcore.dll
0x00007ff917820000 - 0x00007ff917830000 	C:\Program Files\Java\jdk-11\bin\verify.dll
0x00007ff92a0e0000 - 0x00007ff92a2c4000 	C:\Windows\SYSTEM32\DBGHELP.DLL
0x00007ff9215e0000 - 0x00007ff921614000 	C:\Windows\SYSTEM32\dbgcore.DLL
0x00007ff92c4c0000 - 0x00007ff92c542000 	C:\Windows\System32\bcryptPrimitives.dll
0x00007ff8f8650000 - 0x00007ff8f8678000 	C:\Program Files\Java\jdk-11\bin\java.dll
0x00007ff8f8980000 - 0x00007ff8f898a000 	C:\Program Files\Java\jdk-11\bin\jimage.dll
0x00007ff922590000 - 0x00007ff92259e000 	C:\Program Files\Java\jdk-11\bin\instrument.dll
0x00007ff8f8150000 - 0x00007ff8f8167000 	C:\Program Files\Java\jdk-11\bin\zip.dll
0x00007ff92cc80000 - 0x00007ff92d3ed000 	C:\Windows\System32\SHELL32.dll
0x00007ff929650000 - 0x00007ff929df4000 	C:\Windows\SYSTEM32\windows.storage.dll
0x00007ff92d570000 - 0x00007ff92d8c5000 	C:\Windows\System32\combase.dll
0x00007ff92b600000 - 0x00007ff92b62b000 	C:\Windows\SYSTEM32\Wldp.dll
0x00007ff92d490000 - 0x00007ff92d55d000 	C:\Windows\System32\OLEAUT32.dll
0x00007ff92cb20000 - 0x00007ff92cbcd000 	C:\Windows\System32\SHCORE.dll
0x00007ff92e150000 - 0x00007ff92e1a5000 	C:\Windows\System32\shlwapi.dll
0x00007ff92bb00000 - 0x00007ff92bb25000 	C:\Windows\SYSTEM32\profapi.dll
0x00007ff8f7f00000 - 0x00007ff8f7f19000 	C:\Program Files\Java\jdk-11\bin\net.dll
0x00007ff9256e0000 - 0x00007ff9257ea000 	C:\Windows\SYSTEM32\WINHTTP.dll
0x00007ff92b360000 - 0x00007ff92b3cc000 	C:\Windows\system32\mswsock.dll
0x00007ff8f7e40000 - 0x00007ff8f7e52000 	C:\Program Files\Java\jdk-11\bin\nio.dll
0x00007ff8e1c40000 - 0x00007ff8e1c57000 	C:\Windows\system32\napinsp.dll
0x00007ff8db420000 - 0x00007ff8db43b000 	C:\Windows\system32\pnrpnsp.dll
0x00007ff925f70000 - 0x00007ff925f85000 	C:\Windows\system32\wshbth.dll
0x00007ff9257f0000 - 0x00007ff92580d000 	C:\Windows\system32\NLAapi.dll
0x00007ff92aff0000 - 0x00007ff92b02b000 	C:\Windows\SYSTEM32\IPHLPAPI.DLL
0x00007ff92b030000 - 0x00007ff92b0fa000 	C:\Windows\SYSTEM32\DNSAPI.dll
0x00007ff92d560000 - 0x00007ff92d568000 	C:\Windows\System32\NSI.dll
0x00007ff8c1290000 - 0x00007ff8c12a2000 	C:\Windows\System32\winrnr.dll
0x00007ff9226b0000 - 0x00007ff9226ba000 	C:\Windows\System32\rasadhlp.dll
0x00007ff921620000 - 0x00007ff9216a0000 	C:\Windows\System32\fwpuclnt.dll

dbghelp: loaded successfully - version: 4.0.5 - missing functions: none
symbol engine: initialized successfully - sym options: 0x614 - pdb path: .;C:\Program Files\Java\jdk-11\bin;C:\Windows\SYSTEM32;C:\Windows\WinSxS\amd64_microsoft.windows.common-controls_6595b64144ccf1df_6.0.19041.4355_none_60b8b9eb71f62e16;C:\Program Files\Java\jdk-11\bin\server

VM Arguments:
jvm_args: -Dcom.sun.management.jmxremote.authenticate=false -Dcom.sun.management.jmxremote.port=9999 -Dcom.sun.management.jmxremote.ssl=false -Djava.security.egd=file:/dev/./urandom -javaagent:C:\Users\15874\ENSF400\ENSF400-FinalProject\build\tmp\expandedArchives\org.jacoco.agent-0.8.7.jar_3a83c50b4a016f281c4e9f3500d16b55\jacocoagent.jar=output=tcpserver,address=localhost,port=6300 -Dcom.sun.management.jmxremote -Dfile.encoding=UTF-8 -Duser.country=CA -Duser.language=en -Duser.variant 
java_command: org.akhikhl.gretty.Runner --statusPort=59150 --serverManagerFactory=org.akhikhl.gretty.ServerManagerFactory
java_class_path (initial): C:\Users\15874\.gradle\caches\modules-2\files-2.1\org.gretty\gretty-runner-tomcat9\3.0.6\efe90b9f354612ad7c61d9a9525ea73853c95a5b\gretty-runner-tomcat9-3.0.6.jar;C:\Users\15874\.gradle\caches\modules-2\files-2.1\org.gretty\gretty-runner-tomcat85\3.0.6\69436d17f4a62a53d32f0bd045280e7137f7d579\gretty-runner-tomcat85-3.0.6.jar;C:\Users\15874\.gradle\caches\modules-2\files-2.1\org.apache.tomcat.embed\tomcat-embed-jasper\9.0.50\c65e0a58ff3a1a0012915d986277e49d74adf96\tomcat-embed-jasper-9.0.50.jar;C:\Users\15874\.gradle\caches\modules-2\files-2.1\org.apache.tomcat.embed\tomcat-embed-websocket\9.0.50\eb8d0bedeb2a9ed61ea3b3790055e937e52898a3\tomcat-embed-websocket-9.0.50.jar;C:\Users\15874\.gradle\caches\modules-2\files-2.1\org.apache.tomcat.embed\tomcat-embed-core\9.0.50\14307c487516ab3526213a1205c5243b0c484e8d\tomcat-embed-core-9.0.50.jar;C:\Users\15874\.gradle\caches\modules-2\files-2.1\org.apache.tomcat.embed\tomcat-embed-el\9.0.50\ee4e14e128bf6ffe7650c7a5d8cedf97fb36d91b\tomcat-embed-el-9.0.50.jar;C:\Users\15874\.gradle\caches\modules-2\files-2.1\javax.servlet\javax.servlet-api\4.0.1\a27082684a2ff0bf397666c3943496c44541d1ca\javax.servlet-api-4.0.1.jar;C:\Users\15874\.gradle\caches\modules-2\files-2.1\org.gretty\gretty-runner-tomcat8plus\3.0.6\364ec565a7cab52e15588c5b7ffa8abe23eb517\gretty-runner-tomcat8plus-3.0.6.jar;C:\Users\15874\.gradle\caches\modules-2\files-2.1\org.apache.tomcat\tomcat-annotations-api\9.0.50\5bb3c34b6884bc1e3848238667f5300b9aea7065\tomcat-annotations-api-9.0.50.jar;C:\Users\15874\.gradle\caches\modules-2\files-2.1\org.eclipse.jdt\ecj\3.18.0\4d5d0911b30db24c8eb844702c8adf8e434314ff\ecj-3.18.0.jar;C:\Users\15874\.gradle\caches\modules-2\files-2.1\org.gretty\gretty-runner-tomcat\3.0.6\31c962ad244c04de57138f2a57a52dd03124385c\gretty-runner-tomcat-3.0.6.jar;C:\Users\15874\.gradle\caches\modules-2\files-2.1\org.gretty\gretty-runner\3.0.6\17af15fc6ff47006e69202b0548f17c8e9e70606\gretty-runner-3.0.6.jar;C:\Users\15874\.gradle
Launcher Type: SUN_STANDARD

[Global flags]
     intx CICompilerCount                          = 4                                         {product} {ergonomic}
     uint ConcGCThreads                            = 2                                         {product} {ergonomic}
     uint G1ConcRefinementThreads                  = 8                                         {product} {ergonomic}
   size_t G1HeapRegionSize                         = 1048576                                   {product} {ergonomic}
    uintx GCDrainStackTargetSize                   = 64                                        {product} {ergonomic}
   size_t InitialHeapSize                          = 264241152                                 {product} {ergonomic}
     bool ManagementServer                         = true                                      {product} {command line}
   size_t MarkStackSize                            = 4194304                                   {product} {ergonomic}
   size_t MaxHeapSize                              = 4215275520                                {product} {ergonomic}
   size_t MaxNewSize                               = 2529165312                                {product} {ergonomic}
   size_t MinHeapDeltaBytes                        = 1048576                                   {product} {ergonomic}
    uintx NonNMethodCodeHeapSize                   = 5836300                                {pd product} {ergonomic}
    uintx NonProfiledCodeHeapSize                  = 122910970                              {pd product} {ergonomic}
    uintx ProfiledCodeHeapSize                     = 122910970                              {pd product} {ergonomic}
    uintx ReservedCodeCacheSize                    = 251658240                              {pd product} {ergonomic}
     bool SegmentedCodeCache                       = true                                      {product} {ergonomic}
     bool UseCompressedClassPointers               = true                                 {lp64_product} {ergonomic}
     bool UseCompressedOops                        = true                                 {lp64_product} {ergonomic}
     bool UseG1GC                                  = true                                      {product} {ergonomic}
     bool UseLargePagesIndividualAllocation        = false                                  {pd product} {ergonomic}

Logging:
Log output configuration:
 #0: stdout all=warning uptime,level,tags
 #1: stderr all=off uptime,level,tags

Environment Variables:
JAVA_HOME=C:\Program Files\Java\jdk-11
CLASSPATH=C:\Users\15874\ENSF400\ENSF400-FinalProject\\gradle\wrapper\gradle-wrapper.jar
PATH=C:\Program Files\Java\jdk-11\bin;C:\Program Files\Eclipse Adoptium\jdk-17.0.9.9-hotspot\bin;C:\Program Files\Python311\Scripts\;C:\Program Files\Python311\;C:\Windows\system32;C:\Windows;C:\Windows\System32\Wbem;C:\Windows\System32\WindowsPowerShell\v1.0\;C:\Windows\System32\OpenSSH\;C:\Apps\Terraform;C:\Program Files\dotnet\;C:\Program Files\Git\cmd;C:\Program Files\Java\jdk-11.0.16.1\bin;C:\Program Files\nodejs\;C:\ProgramData\chocolatey\bin;C:\Program Files\Amazon\AWSCLIV2\;C:\Program Files\Intel\Intel(R) Memory and Storage Tool\;C:\Program Files\Docker\Docker\resources\bin;C:\Program Files\MATLAB\R2023b\bin;C:\Users\15874\AppData\Local\Programs\Python\Python312\Scripts\;C:\Users\15874\AppData\Local\Programs\Python\Python312\;C:\Apps\Terraform;C:\Program Files\MySQL\MySQL Shell 8.0\bin\;C:\Users\15874\AppData\Local\Microsoft\WindowsApps;C:\Users\15874\AppData\Local\Programs\Microsoft VS Code\bin;C:\intelFPGA_lite\18.1\modelsim_ase\win32aloem;C:\Users\15874\AppData\Roaming\npm;
USERNAME=15874
OS=Windows_NT
PROCESSOR_IDENTIFIER=Intel64 Family 6 Model 140 Stepping 1, GenuineIntel



---------------  S Y S T E M  ---------------

OS: Windows 10 , 64 bit Build 19041 (10.0.19041.5438)
Hyper-V role detected

CPU:total 8 (initial active 8) (4 cores per cpu, 2 threads per core) family 6 model 140 stepping 1 microcode 0x86, cmov, cx8, fxsr, mmx, sse, sse2, sse3, ssse3, sse4.1, sse4.2, popcnt, avx, avx2, aes, clmul, erms, 3dnowpref, lzcnt, ht, tsc, tscinvbit, bmi1, bmi2, adx, evex, sha, fma

Memory: 4k page, system-wide physical 16075M (496M free)
TotalPageFile size 32797M (AvailPageFile size 4649M)
current process WorkingSet (physical memory assigned to process): 48M, peak: 48M
current process commit charge ("private bytes"): 339M, peak: 339M

vm_info: Java HotSpot(TM) 64-Bit Server VM (11.0.25+9-LTS-256) for windows-amd64 JRE (11.0.25+9-LTS-256), built on Sep 30 2024 06:30:20 by "mach5one" with MS VC++ 17.6 (VS2022)

END.
